<?xml version="1.0" encoding="UTF-8"?>
<testsuite name="com.practica.ProductoServiceTest" tests="3" skipped="0" failures="0" errors="0" timestamp="2025-03-30T04:39:37.453Z" hostname="MacBook-Air-de-Angel.local" time="0.135">
  <properties/>
  <testcase name="testListarProductos()" classname="com.practica.ProductoServiceTest" time="0.13"/>
  <testcase name="testCrearProducto()" classname="com.practica.ProductoServiceTest" time="0.002"/>
  <testcase name="testObtenerProductoPorId()" classname="com.practica.ProductoServiceTest" time="0.001"/>
  <system-out><![CDATA[]]></system-out>
  <system-err><![CDATA[]]></system-err>
</testsuite>
