<?xml version="1.0" encoding="UTF-8"?>
<testsuite name="com.practica.DemoApplicationTests" tests="1" skipped="0" failures="0" errors="0" timestamp="2025-03-30T23:42:23.874Z" hostname="MacBook-Air-de-Angel.local" time="0.01">
  <properties/>
  <testcase name="contextLoads()" classname="com.practica.DemoApplicationTests" time="0.01"/>
  <system-out><![CDATA[18:42:19.008 [Test worker] INFO org.springframework.test.context.support.AnnotationConfigContextLoaderUtils -- Could not detect default configuration classes for test class [com.practica.DemoApplicationTests]: DemoApplicationTests does not declare any static, non-private, non-final, nested classes annotated with @Configuration.
18:42:19.062 [Test worker] INFO org.springframework.boot.test.context.SpringBootTestContextBootstrapper -- Found @SpringBootConfiguration com.practica.DemoApplication for test class com.practica.DemoApplicationTests

  .   ____          _            __ _ _
 /\\ / ___'_ __ _ _(_)_ __  __ _ \ \ \ \
( ( )\___ | '_ | '_| | '_ \/ _` | \ \ \ \
 \\/  ___)| |_)| | | | | || (_| |  ) ) ) )
  '  |____| .__|_| |_|_| |_\__, | / / / /
 =========|_|==============|___/=/_/_/_/

 :: Spring Boot ::                (v3.4.4)

2025-03-30T18:42:19.210-05:00  INFO 24548 --- [    Test worker] com.practica.DemoApplicationTests        : Starting DemoApplicationTests using Java 17.0.14 with PID 24548 (started by angelrenteria in /Users/angelrenteria/Downloads/demo/practia1)
2025-03-30T18:42:19.211-05:00  INFO 24548 --- [    Test worker] com.practica.DemoApplicationTests        : The following 1 profile is active: "test"
2025-03-30T18:42:19.332-05:00  INFO 24548 --- [    Test worker] .s.d.r.c.RepositoryConfigurationDelegate : Bootstrapping Spring Data Reactive MongoDB repositories in DEFAULT mode.
2025-03-30T18:42:19.388-05:00  INFO 24548 --- [    Test worker] .s.d.r.c.RepositoryConfigurationDelegate : Finished Spring Data repository scanning in 53 ms. Found 1 Reactive MongoDB repository interface.
2025-03-30T18:42:19.794-05:00  WARN 24548 --- [    Test worker] trationDelegate$BeanPostProcessorChecker : Bean 'de.flapdoodle.embed.mongo.spring.autoconfigure.EmbeddedMongoAutoConfiguration' of type [de.flapdoodle.embed.mongo.spring.autoconfigure.EmbeddedMongoAutoConfiguration] is not eligible for getting processed by all BeanPostProcessors (for example: not eligible for auto-proxying). The currently created BeanPostProcessor [fixTransactionAndAuth] is declared through a non-static factory method on that class; consider declaring it as static instead.
2025-03-30T18:42:19.803-05:00  WARN 24548 --- [    Test worker] trationDelegate$BeanPostProcessorChecker : Bean 'de.flapdoodle.mongodb.embedded-de.flapdoodle.embed.mongo.spring.autoconfigure.EmbeddedMongoProperties' of type [de.flapdoodle.embed.mongo.spring.autoconfigure.EmbeddedMongoProperties] is not eligible for getting processed by all BeanPostProcessors (for example: not eligible for auto-proxying). Is this bean getting eagerly injected/applied to a currently created BeanPostProcessor [fixTransactionAndAuth]? Check the corresponding BeanPostProcessor declaration and its dependencies/advisors. If this bean does not have to be post-processed, declare it with ROLE_INFRASTRUCTURE.
2025-03-30T18:42:19.825-05:00  WARN 24548 --- [    Test worker] trationDelegate$BeanPostProcessorChecker : Bean 'net' of type [de.flapdoodle.embed.mongo.config.ImmutableNet] is not eligible for getting processed by all BeanPostProcessors (for example: not eligible for auto-proxying). Is this bean getting eagerly injected/applied to a currently created BeanPostProcessor [fixTransactionAndAuth]? Check the corresponding BeanPostProcessor declaration and its dependencies/advisors. If this bean does not have to be post-processed, declare it with ROLE_INFRASTRUCTURE.
2025-03-30T18:42:19.828-05:00  WARN 24548 --- [    Test worker] trationDelegate$BeanPostProcessorChecker : Bean 'spring.data.mongodb-org.springframework.boot.autoconfigure.mongo.MongoProperties' of type [org.springframework.boot.autoconfigure.mongo.MongoProperties] is not eligible for getting processed by all BeanPostProcessors (for example: not eligible for auto-proxying). Is this bean getting eagerly injected/applied to a currently created BeanPostProcessor [fixTransactionAndAuth]? Check the corresponding BeanPostProcessor declaration and its dependencies/advisors. If this bean does not have to be post-processed, declare it with ROLE_INFRASTRUCTURE.
2025-03-30T18:42:19.860-05:00  INFO 24548 --- [    Test worker] d.f.e.m.s.a.ReactiveClientServerFactory  : reactive server factory
2025-03-30T18:42:20.360-05:00  INFO 24548 --- [    Test worker] d.f.e.m.s.autoconfigure.EmbeddedMongo    : download https://fastdl.mongodb.org/osx/mongodb-macos-arm64-6.0.5.tgz : starting...
2025-03-30T18:42:20.362-05:00  INFO 24548 --- [    Test worker] d.f.e.m.s.autoconfigure.EmbeddedMongo    : download https://fastdl.mongodb.org/osx/mongodb-macos-arm64-6.0.5.tgz : 0 %
2025-03-30T18:42:20.581-05:00  INFO 24548 --- [    Test worker] d.f.e.m.s.autoconfigure.EmbeddedMongo    : download https://fastdl.mongodb.org/osx/mongodb-macos-arm64-6.0.5.tgz : 10 %
2025-03-30T18:42:20.659-05:00  INFO 24548 --- [    Test worker] d.f.e.m.s.autoconfigure.EmbeddedMongo    : download https://fastdl.mongodb.org/osx/mongodb-macos-arm64-6.0.5.tgz : 20 %
2025-03-30T18:42:20.743-05:00  INFO 24548 --- [    Test worker] d.f.e.m.s.autoconfigure.EmbeddedMongo    : download https://fastdl.mongodb.org/osx/mongodb-macos-arm64-6.0.5.tgz : 30 %
2025-03-30T18:42:20.824-05:00  INFO 24548 --- [    Test worker] d.f.e.m.s.autoconfigure.EmbeddedMongo    : download https://fastdl.mongodb.org/osx/mongodb-macos-arm64-6.0.5.tgz : 40 %
2025-03-30T18:42:20.958-05:00  INFO 24548 --- [    Test worker] d.f.e.m.s.autoconfigure.EmbeddedMongo    : download https://fastdl.mongodb.org/osx/mongodb-macos-arm64-6.0.5.tgz : 50 %
2025-03-30T18:42:21.072-05:00  INFO 24548 --- [    Test worker] d.f.e.m.s.autoconfigure.EmbeddedMongo    : download https://fastdl.mongodb.org/osx/mongodb-macos-arm64-6.0.5.tgz : 60 %
2025-03-30T18:42:21.184-05:00  INFO 24548 --- [    Test worker] d.f.e.m.s.autoconfigure.EmbeddedMongo    : download https://fastdl.mongodb.org/osx/mongodb-macos-arm64-6.0.5.tgz : 70 %
2025-03-30T18:42:21.264-05:00  INFO 24548 --- [    Test worker] d.f.e.m.s.autoconfigure.EmbeddedMongo    : download https://fastdl.mongodb.org/osx/mongodb-macos-arm64-6.0.5.tgz : 80 %
2025-03-30T18:42:21.355-05:00  INFO 24548 --- [    Test worker] d.f.e.m.s.autoconfigure.EmbeddedMongo    : download https://fastdl.mongodb.org/osx/mongodb-macos-arm64-6.0.5.tgz : 90 %
2025-03-30T18:42:21.459-05:00  INFO 24548 --- [    Test worker] d.f.e.m.s.autoconfigure.EmbeddedMongo    : download https://fastdl.mongodb.org/osx/mongodb-macos-arm64-6.0.5.tgz : finished
2025-03-30T18:42:23.430-05:00  INFO 24548 --- [       Thread-4] d.f.e.m.s.autoconfigure.EmbeddedMongo    : {"t":{"$date":"2025-03-30T18:42:23.429-05:00"},"s":"I",  "c":"NETWORK",  "id":4915701, "ctx":"-","msg":"Initialized wire specification","attr":{"spec":{"incomingExternalClient":{"minWireVersion":0,"maxWireVersion":17},"incomingInternalClient":{"minWireVersion":0,"maxWireVersion":17},"outgoing":{"minWireVersion":6,"maxWireVersion":17},"isInternalClient":true}}}
2025-03-30T18:42:23.433-05:00  INFO 24548 --- [       Thread-4] d.f.e.m.s.autoconfigure.EmbeddedMongo    : {"t":{"$date":"2025-03-30T18:42:23.433-05:00"},"s":"I",  "c":"CONTROL",  "id":23285,   "ctx":"-","msg":"Automatically disabling TLS 1.0, to force-enable TLS 1.0 specify --sslDisabledProtocols 'none'"}
2025-03-30T18:42:23.434-05:00  INFO 24548 --- [       Thread-4] d.f.e.m.s.autoconfigure.EmbeddedMongo    : {"t":{"$date":"2025-03-30T18:42:23.434-05:00"},"s":"I",  "c":"NETWORK",  "id":4648602, "ctx":"thread1","msg":"Implicit TCP FastOpen in use."}
2025-03-30T18:42:23.435-05:00  INFO 24548 --- [       Thread-4] d.f.e.m.s.autoconfigure.EmbeddedMongo    : {"t":{"$date":"2025-03-30T18:42:23.435-05:00"},"s":"I",  "c":"REPL",     "id":5123008, "ctx":"thread1","msg":"Successfully registered PrimaryOnlyService","attr":{"service":"TenantMigrationDonorService","namespace":"config.tenantMigrationDonors"}}
2025-03-30T18:42:23.435-05:00  INFO 24548 --- [       Thread-4] d.f.e.m.s.autoconfigure.EmbeddedMongo    : {"t":{"$date":"2025-03-30T18:42:23.435-05:00"},"s":"I",  "c":"REPL",     "id":5123008, "ctx":"thread1","msg":"Successfully registered PrimaryOnlyService","attr":{"service":"TenantMigrationRecipientService","namespace":"config.tenantMigrationRecipients"}}
2025-03-30T18:42:23.435-05:00  INFO 24548 --- [       Thread-4] d.f.e.m.s.autoconfigure.EmbeddedMongo    : {"t":{"$date":"2025-03-30T18:42:23.435-05:00"},"s":"I",  "c":"REPL",     "id":5123008, "ctx":"thread1","msg":"Successfully registered PrimaryOnlyService","attr":{"service":"ShardSplitDonorService","namespace":"config.tenantSplitDonors"}}
2025-03-30T18:42:23.435-05:00  INFO 24548 --- [       Thread-4] d.f.e.m.s.autoconfigure.EmbeddedMongo    : {"t":{"$date":"2025-03-30T18:42:23.435-05:00"},"s":"I",  "c":"CONTROL",  "id":5945603, "ctx":"thread1","msg":"Multi threading initialized"}
2025-03-30T18:42:23.435-05:00  INFO 24548 --- [       Thread-4] d.f.e.m.s.autoconfigure.EmbeddedMongo    : {"t":{"$date":"2025-03-30T18:42:23.435-05:00"},"s":"I",  "c":"CONTROL",  "id":4615611, "ctx":"initandlisten","msg":"MongoDB starting","attr":{"pid":24552,"port":63415,"dbPath":"/var/folders/59/761bv2ss0_3ct_vh8t527sjw0000gn/T/temp--e40e4070-ad27-4e29-8369-92fee3537ccd/mongod-database14293407720980808878","architecture":"64-bit","host":"MacBook-Air-de-Angel.local"}}
2025-03-30T18:42:23.435-05:00  INFO 24548 --- [       Thread-4] d.f.e.m.s.autoconfigure.EmbeddedMongo    : {"t":{"$date":"2025-03-30T18:42:23.435-05:00"},"s":"I",  "c":"CONTROL",  "id":23352,   "ctx":"initandlisten","msg":"Unable to resolve sysctl {sysctlName} (number) ","attr":{"sysctlName":"hw.cpufrequency"}}
2025-03-30T18:42:23.435-05:00  INFO 24548 --- [       Thread-4] d.f.e.m.s.autoconfigure.EmbeddedMongo    : {"t":{"$date":"2025-03-30T18:42:23.435-05:00"},"s":"I",  "c":"CONTROL",  "id":23351,   "ctx":"initandlisten","msg":"{sysctlName} unavailable","attr":{"sysctlName":"machdep.cpu.features"}}
2025-03-30T18:42:23.435-05:00  INFO 24548 --- [       Thread-4] d.f.e.m.s.autoconfigure.EmbeddedMongo    : {"t":{"$date":"2025-03-30T18:42:23.435-05:00"},"s":"I",  "c":"CONTROL",  "id":23403,   "ctx":"initandlisten","msg":"Build Info","attr":{"buildInfo":{"version":"6.0.5","gitVersion":"c9a99c120371d4d4c52cbb15dac34a36ce8d3b1d","modules":[],"allocator":"system","environment":{"distarch":"aarch64","target_arch":"aarch64"}}}}
2025-03-30T18:42:23.435-05:00  INFO 24548 --- [       Thread-4] d.f.e.m.s.autoconfigure.EmbeddedMongo    : {"t":{"$date":"2025-03-30T18:42:23.435-05:00"},"s":"I",  "c":"CONTROL",  "id":51765,   "ctx":"initandlisten","msg":"Operating System","attr":{"os":{"name":"Mac OS X","version":"24.3.0"}}}
2025-03-30T18:42:23.435-05:00  INFO 24548 --- [       Thread-4] d.f.e.m.s.autoconfigure.EmbeddedMongo    : {"t":{"$date":"2025-03-30T18:42:23.435-05:00"},"s":"I",  "c":"CONTROL",  "id":21951,   "ctx":"initandlisten","msg":"Options set by command line","attr":{"options":{"net":{"bindIp":"127.0.0.1","port":63415},"security":{"authorization":"disabled"},"storage":{"dbPath":"/var/folders/59/761bv2ss0_3ct_vh8t527sjw0000gn/T/temp--e40e4070-ad27-4e29-8369-92fee3537ccd/mongod-database14293407720980808878","journal":{"enabled":false},"syncPeriodSecs":0}}}}
2025-03-30T18:42:23.436-05:00  INFO 24548 --- [       Thread-4] d.f.e.m.s.autoconfigure.EmbeddedMongo    : {"t":{"$date":"2025-03-30T18:42:23.436-05:00"},"s":"I",  "c":"NETWORK",  "id":5693100, "ctx":"initandlisten","msg":"Asio socket.set_option failed with std::system_error","attr":{"note":"acceptor TCP fast open","option":{"level":6,"name":261,"data":"00 04 00 00"},"error":{"what":"set_option: Invalid argument","message":"Invalid argument","category":"asio.system","value":22}}}
2025-03-30T18:42:23.436-05:00  INFO 24548 --- [       Thread-4] d.f.e.m.s.autoconfigure.EmbeddedMongo    : {"t":{"$date":"2025-03-30T18:42:23.436-05:00"},"s":"I",  "c":"STORAGE",  "id":22315,   "ctx":"initandlisten","msg":"Opening WiredTiger","attr":{"config":"create,cache_size=3584M,session_max=33000,eviction=(threads_min=4,threads_max=4),config_base=false,statistics=(fast),log=(enabled=true,remove=true,path=journal,compressor=snappy),builtin_extension_config=(zstd=(compression_level=6)),file_manager=(close_idle_time=600,close_scan_interval=10,close_handle_minimum=2000),statistics_log=(wait=0),json_output=(error,message),verbose=[recovery_progress:1,checkpoint_progress:1,compact_progress:1,backup:0,checkpoint:0,compact:0,evict:0,history_store:0,recovery:0,rts:0,salvage:0,tiered:0,timestamp:0,transaction:0,verify:0,log:0],,log=(enabled=false),"}}
2025-03-30T18:42:23.571-05:00  INFO 24548 --- [       Thread-4] d.f.e.m.s.autoconfigure.EmbeddedMongo    : {"t":{"$date":"2025-03-30T18:42:23.571-05:00"},"s":"I",  "c":"STORAGE",  "id":4795906, "ctx":"initandlisten","msg":"WiredTiger opened","attr":{"durationMillis":135}}
2025-03-30T18:42:23.571-05:00  INFO 24548 --- [       Thread-4] d.f.e.m.s.autoconfigure.EmbeddedMongo    : {"t":{"$date":"2025-03-30T18:42:23.571-05:00"},"s":"I",  "c":"RECOVERY", "id":23987,   "ctx":"initandlisten","msg":"WiredTiger recoveryTimestamp","attr":{"recoveryTimestamp":{"$timestamp":{"t":0,"i":0}}}}
2025-03-30T18:42:23.601-05:00  INFO 24548 --- [       Thread-4] d.f.e.m.s.autoconfigure.EmbeddedMongo    : {"t":{"$date":"2025-03-30T18:42:23.600-05:00"},"s":"I",  "c":"STORAGE",  "id":20320,   "ctx":"initandlisten","msg":"createCollection","attr":{"namespace":"admin.system.version","uuidDisposition":"provided","uuid":{"uuid":{"$uuid":"06db10d5-be32-48d8-bb6d-6ad1f1b6dfd6"}},"options":{"uuid":{"$uuid":"06db10d5-be32-48d8-bb6d-6ad1f1b6dfd6"}}}}
2025-03-30T18:42:23.626-05:00  INFO 24548 --- [       Thread-4] d.f.e.m.s.autoconfigure.EmbeddedMongo    : {"t":{"$date":"2025-03-30T18:42:23.626-05:00"},"s":"I",  "c":"INDEX",    "id":20345,   "ctx":"initandlisten","msg":"Index build: done building","attr":{"buildUUID":null,"collectionUUID":{"uuid":{"$uuid":"06db10d5-be32-48d8-bb6d-6ad1f1b6dfd6"}},"namespace":"admin.system.version","index":"_id_","ident":"index-1--8041666384442222772","collectionIdent":"collection-0--8041666384442222772","commitTimestamp":null}}
2025-03-30T18:42:23.626-05:00  INFO 24548 --- [       Thread-4] d.f.e.m.s.autoconfigure.EmbeddedMongo    : {"t":{"$date":"2025-03-30T18:42:23.626-05:00"},"s":"I",  "c":"REPL",     "id":20459,   "ctx":"initandlisten","msg":"Setting featureCompatibilityVersion","attr":{"newVersion":"6.0"}}
2025-03-30T18:42:23.626-05:00  INFO 24548 --- [       Thread-4] d.f.e.m.s.autoconfigure.EmbeddedMongo    : {"t":{"$date":"2025-03-30T18:42:23.626-05:00"},"s":"I",  "c":"REPL",     "id":5853300, "ctx":"initandlisten","msg":"current featureCompatibilityVersion value","attr":{"featureCompatibilityVersion":"6.0","context":"setFCV"}}
2025-03-30T18:42:23.626-05:00  INFO 24548 --- [       Thread-4] d.f.e.m.s.autoconfigure.EmbeddedMongo    : {"t":{"$date":"2025-03-30T18:42:23.626-05:00"},"s":"I",  "c":"NETWORK",  "id":4915702, "ctx":"initandlisten","msg":"Updated wire specification","attr":{"oldSpec":{"incomingExternalClient":{"minWireVersion":0,"maxWireVersion":17},"incomingInternalClient":{"minWireVersion":0,"maxWireVersion":17},"outgoing":{"minWireVersion":6,"maxWireVersion":17},"isInternalClient":true},"newSpec":{"incomingExternalClient":{"minWireVersion":0,"maxWireVersion":17},"incomingInternalClient":{"minWireVersion":17,"maxWireVersion":17},"outgoing":{"minWireVersion":17,"maxWireVersion":17},"isInternalClient":true}}}
2025-03-30T18:42:23.627-05:00  INFO 24548 --- [       Thread-4] d.f.e.m.s.autoconfigure.EmbeddedMongo    : {"t":{"$date":"2025-03-30T18:42:23.626-05:00"},"s":"I",  "c":"NETWORK",  "id":4915702, "ctx":"initandlisten","msg":"Updated wire specification","attr":{"oldSpec":{"incomingExternalClient":{"minWireVersion":0,"maxWireVersion":17},"incomingInternalClient":{"minWireVersion":17,"maxWireVersion":17},"outgoing":{"minWireVersion":17,"maxWireVersion":17},"isInternalClient":true},"newSpec":{"incomingExternalClient":{"minWireVersion":0,"maxWireVersion":17},"incomingInternalClient":{"minWireVersion":17,"maxWireVersion":17},"outgoing":{"minWireVersion":17,"maxWireVersion":17},"isInternalClient":true}}}
2025-03-30T18:42:23.627-05:00  INFO 24548 --- [       Thread-4] d.f.e.m.s.autoconfigure.EmbeddedMongo    : {"t":{"$date":"2025-03-30T18:42:23.626-05:00"},"s":"I",  "c":"REPL",     "id":5853300, "ctx":"initandlisten","msg":"current featureCompatibilityVersion value","attr":{"featureCompatibilityVersion":"6.0","context":"startup"}}
2025-03-30T18:42:23.627-05:00  INFO 24548 --- [       Thread-4] d.f.e.m.s.autoconfigure.EmbeddedMongo    : {"t":{"$date":"2025-03-30T18:42:23.626-05:00"},"s":"I",  "c":"STORAGE",  "id":5071100, "ctx":"initandlisten","msg":"Clearing temp directory"}
2025-03-30T18:42:23.627-05:00  INFO 24548 --- [       Thread-4] d.f.e.m.s.autoconfigure.EmbeddedMongo    : {"t":{"$date":"2025-03-30T18:42:23.626-05:00"},"s":"I",  "c":"CONTROL",  "id":20536,   "ctx":"initandlisten","msg":"Flow Control is enabled on this deployment"}
2025-03-30T18:42:23.627-05:00  INFO 24548 --- [       Thread-4] d.f.e.m.s.autoconfigure.EmbeddedMongo    : {"t":{"$date":"2025-03-30T18:42:23.626-05:00"},"s":"I",  "c":"FTDC",     "id":20625,   "ctx":"initandlisten","msg":"Initializing full-time diagnostic data capture","attr":{"dataDirectory":"/var/folders/59/761bv2ss0_3ct_vh8t527sjw0000gn/T/temp--e40e4070-ad27-4e29-8369-92fee3537ccd/mongod-database14293407720980808878/diagnostic.data"}}
2025-03-30T18:42:23.627-05:00  INFO 24548 --- [       Thread-4] d.f.e.m.s.autoconfigure.EmbeddedMongo    : {"t":{"$date":"2025-03-30T18:42:23.627-05:00"},"s":"I",  "c":"STORAGE",  "id":20320,   "ctx":"initandlisten","msg":"createCollection","attr":{"namespace":"local.startup_log","uuidDisposition":"generated","uuid":{"uuid":{"$uuid":"6c99fa4c-ca11-48b0-8f4d-d8930caedd99"}},"options":{"capped":true,"size":10485760}}}
2025-03-30T18:42:23.656-05:00  INFO 24548 --- [       Thread-4] d.f.e.m.s.autoconfigure.EmbeddedMongo    : {"t":{"$date":"2025-03-30T18:42:23.656-05:00"},"s":"I",  "c":"INDEX",    "id":20345,   "ctx":"initandlisten","msg":"Index build: done building","attr":{"buildUUID":null,"collectionUUID":{"uuid":{"$uuid":"6c99fa4c-ca11-48b0-8f4d-d8930caedd99"}},"namespace":"local.startup_log","index":"_id_","ident":"index-3--8041666384442222772","collectionIdent":"collection-2--8041666384442222772","commitTimestamp":null}}
2025-03-30T18:42:23.656-05:00  INFO 24548 --- [       Thread-4] d.f.e.m.s.autoconfigure.EmbeddedMongo    : {"t":{"$date":"2025-03-30T18:42:23.656-05:00"},"s":"I",  "c":"REPL",     "id":6015317, "ctx":"initandlisten","msg":"Setting new configuration state","attr":{"newState":"ConfigReplicationDisabled","oldState":"ConfigPreStart"}}
2025-03-30T18:42:23.656-05:00  INFO 24548 --- [       Thread-4] d.f.e.m.s.autoconfigure.EmbeddedMongo    : {"t":{"$date":"2025-03-30T18:42:23.656-05:00"},"s":"I",  "c":"STORAGE",  "id":22262,   "ctx":"initandlisten","msg":"Timestamp monitor starting"}
2025-03-30T18:42:23.656-05:00  INFO 24548 --- [       Thread-4] d.f.e.m.s.autoconfigure.EmbeddedMongo    : {"t":{"$date":"2025-03-30T18:42:23.656-05:00"},"s":"I",  "c":"NETWORK",  "id":23015,   "ctx":"listener","msg":"Listening on","attr":{"address":"/tmp/mongodb-63415.sock"}}
2025-03-30T18:42:23.657-05:00  INFO 24548 --- [       Thread-4] d.f.e.m.s.autoconfigure.EmbeddedMongo    : {"t":{"$date":"2025-03-30T18:42:23.656-05:00"},"s":"I",  "c":"NETWORK",  "id":23015,   "ctx":"listener","msg":"Listening on","attr":{"address":"127.0.0.1"}}
2025-03-30T18:42:23.657-05:00  INFO 24548 --- [       Thread-4] d.f.e.m.s.autoconfigure.EmbeddedMongo    : {"t":{"$date":"2025-03-30T18:42:23.656-05:00"},"s":"I",  "c":"NETWORK",  "id":23016,   "ctx":"listener","msg":"Waiting for connections","attr":{"port":63415,"ssl":"off"}}
2025-03-30T18:42:23.657-05:00  INFO 24548 --- [       Thread-4] d.f.e.m.s.autoconfigure.EmbeddedMongo    : {"t":{"$date":"2025-03-30T18:42:23.657-05:00"},"s":"I",  "c":"CONTROL",  "id":20712,   "ctx":"LogicalSessionCacheReap","msg":"Sessions collection is not set up; waiting until next sessions reap interval","attr":{"error":"NamespaceNotFound: config.system.sessions does not exist"}}
2025-03-30T18:42:23.657-05:00  INFO 24548 --- [       Thread-4] d.f.e.m.s.autoconfigure.EmbeddedMongo    : {"t":{"$date":"2025-03-30T18:42:23.657-05:00"},"s":"I",  "c":"STORAGE",  "id":20320,   "ctx":"LogicalSessionCacheRefresh","msg":"createCollection","attr":{"namespace":"config.system.sessions","uuidDisposition":"generated","uuid":{"uuid":{"$uuid":"c68df412-6787-457b-8a01-0120c857d4e6"}},"options":{}}}
2025-03-30T18:42:23.698-05:00  INFO 24548 --- [       Thread-4] d.f.e.m.s.autoconfigure.EmbeddedMongo    : {"t":{"$date":"2025-03-30T18:42:23.698-05:00"},"s":"I",  "c":"INDEX",    "id":20345,   "ctx":"LogicalSessionCacheRefresh","msg":"Index build: done building","attr":{"buildUUID":null,"collectionUUID":{"uuid":{"$uuid":"c68df412-6787-457b-8a01-0120c857d4e6"}},"namespace":"config.system.sessions","index":"_id_","ident":"index-5--8041666384442222772","collectionIdent":"collection-4--8041666384442222772","commitTimestamp":null}}
2025-03-30T18:42:23.698-05:00  INFO 24548 --- [       Thread-4] d.f.e.m.s.autoconfigure.EmbeddedMongo    : {"t":{"$date":"2025-03-30T18:42:23.698-05:00"},"s":"I",  "c":"INDEX",    "id":20345,   "ctx":"LogicalSessionCacheRefresh","msg":"Index build: done building","attr":{"buildUUID":null,"collectionUUID":{"uuid":{"$uuid":"c68df412-6787-457b-8a01-0120c857d4e6"}},"namespace":"config.system.sessions","index":"lsidTTLIndex","ident":"index-6--8041666384442222772","collectionIdent":"collection-4--8041666384442222772","commitTimestamp":null}}
2025-03-30T18:42:23.766-05:00  INFO 24548 --- [    Test worker] org.mongodb.driver.client                : MongoClient with metadata {"driver": {"name": "mongo-java-driver|reactive-streams|spring-boot", "version": "5.2.1"}, "os": {"type": "Darwin", "name": "Mac OS X", "architecture": "aarch64", "version": "15.3.2"}, "platform": "Java/Amazon.com Inc./17.0.14+7-LTS"} created with settings MongoClientSettings{readPreference=primary, writeConcern=WriteConcern{w=null, wTimeout=null ms, journal=null}, retryWrites=true, retryReads=true, readConcern=ReadConcern{level=null}, credential=null, transportSettings=NettyTransportSettings{eventLoopGroup=io.netty.channel.nio.NioEventLoopGroup@48692405, socketChannelClass=null, allocator=null, sslContext=null}, commandListeners=[], codecRegistry=ProvidersCodecRegistry{codecProviders=[ValueCodecProvider{}, BsonValueCodecProvider{}, DBRefCodecProvider{}, DBObjectCodecProvider{}, DocumentCodecProvider{}, CollectionCodecProvider{}, IterableCodecProvider{}, MapCodecProvider{}, GeoJsonCodecProvider{}, GridFSFileCodecProvider{}, Jsr310CodecProvider{}, JsonObjectCodecProvider{}, BsonCodecProvider{}, EnumCodecProvider{}, com.mongodb.client.model.mql.ExpressionCodecProvider@151659dd, com.mongodb.Jep395RecordCodecProvider@4a58e0e9, com.mongodb.KotlinCodecProvider@e8c84eb]}, loggerSettings=LoggerSettings{maxDocumentLength=1000}, clusterSettings={hosts=[localhost:63415], srvServiceName=mongodb, mode=SINGLE, requiredClusterType=UNKNOWN, requiredReplicaSetName='null', serverSelector='null', clusterListeners='[]', serverSelectionTimeout='30000 ms', localThreshold='15 ms'}, socketSettings=SocketSettings{connectTimeoutMS=10000, readTimeoutMS=0, receiveBufferSize=0, proxySettings=ProxySettings{host=null, port=null, username=null, password=null}}, heartbeatSocketSettings=SocketSettings{connectTimeoutMS=10000, readTimeoutMS=10000, receiveBufferSize=0, proxySettings=ProxySettings{host=null, port=null, username=null, password=null}}, connectionPoolSettings=ConnectionPoolSettings{maxSize=100, minSize=0, maxWaitTimeMS=120000, maxConnectionLifeTimeMS=0, maxConnectionIdleTimeMS=0, maintenanceInitialDelayMS=0, maintenanceFrequencyMS=60000, connectionPoolListeners=[], maxConnecting=2}, serverSettings=ServerSettings{heartbeatFrequencyMS=10000, minHeartbeatFrequencyMS=500, serverMonitoringMode=AUTO, serverListeners='[]', serverMonitorListeners='[]'}, sslSettings=SslSettings{enabled=false, invalidHostNameAllowed=false, context=null}, applicationName='null', compressorList=[], uuidRepresentation=JAVA_LEGACY, serverApi=null, autoEncryptionSettings=null, dnsClient=null, inetAddressResolver=null, contextProvider=null, timeoutMS=null}
2025-03-30T18:42:23.780-05:00  INFO 24548 --- [       Thread-4] d.f.e.m.s.autoconfigure.EmbeddedMongo    : {"t":{"$date":"2025-03-30T18:42:23.779-05:00"},"s":"I",  "c":"NETWORK",  "id":22943,   "ctx":"listener","msg":"Connection accepted","attr":{"remote":"127.0.0.1:63417","uuid":"117e5c6c-c60a-46c4-9deb-8d09ccd6a1cc","connectionId":1,"connectionCount":1}}
2025-03-30T18:42:23.793-05:00  INFO 24548 --- [       Thread-4] d.f.e.m.s.autoconfigure.EmbeddedMongo    : {"t":{"$date":"2025-03-30T18:42:23.793-05:00"},"s":"I",  "c":"NETWORK",  "id":51800,   "ctx":"conn1","msg":"client metadata","attr":{"remote":"127.0.0.1:63417","client":"conn1","doc":{"driver":{"name":"mongo-java-driver|reactive-streams|spring-boot","version":"5.2.1"},"os":{"type":"Darwin","name":"Mac OS X","architecture":"aarch64","version":"15.3.2"},"platform":"Java/Amazon.com Inc./17.0.14+7-LTS"}}}
2025-03-30T18:42:23.800-05:00  INFO 24548 --- [localhost:63415] org.mongodb.driver.cluster               : Monitor thread successfully connected to server with description ServerDescription{address=localhost:63415, type=STANDALONE, cryptd=false, state=CONNECTED, ok=true, minWireVersion=0, maxWireVersion=17, maxDocumentSize=16777216, logicalSessionTimeoutMinutes=30, roundTripTimeNanos=19509083, minRoundTripTimeNanos=0}
2025-03-30T18:42:23.801-05:00  INFO 24548 --- [       Thread-4] d.f.e.m.s.autoconfigure.EmbeddedMongo    : {"t":{"$date":"2025-03-30T18:42:23.801-05:00"},"s":"I",  "c":"NETWORK",  "id":22943,   "ctx":"listener","msg":"Connection accepted","attr":{"remote":"127.0.0.1:63418","uuid":"3d277ef6-61e4-4d57-a36a-2dffb072beb1","connectionId":2,"connectionCount":2}}
2025-03-30T18:42:23.802-05:00  INFO 24548 --- [       Thread-4] d.f.e.m.s.autoconfigure.EmbeddedMongo    : {"t":{"$date":"2025-03-30T18:42:23.802-05:00"},"s":"I",  "c":"NETWORK",  "id":51800,   "ctx":"conn2","msg":"client metadata","attr":{"remote":"127.0.0.1:63418","client":"conn2","doc":{"driver":{"name":"mongo-java-driver|reactive-streams|spring-boot","version":"5.2.1"},"os":{"type":"Darwin","name":"Mac OS X","architecture":"aarch64","version":"15.3.2"},"platform":"Java/Amazon.com Inc./17.0.14+7-LTS"}}}
2025-03-30T18:42:23.872-05:00  INFO 24548 --- [    Test worker] com.practica.DemoApplicationTests        : Started DemoApplicationTests in 4.772 seconds (process running for 5.22)
]]></system-out>
  <system-err><![CDATA[]]></system-err>
</testsuite>
