<?xml version="1.0" encoding="UTF-8"?>
<testsuite name="com.practica.ProductoServiceTest" tests="3" skipped="0" failures="0" errors="0" timestamp="2025-03-31T00:06:38.243Z" hostname="MacBook-Air-de-Angel.local" time="0.011">
  <properties/>
  <testcase name="testListarProductos()" classname="com.practica.ProductoServiceTest" time="0.009"/>
  <testcase name="testCrearProducto()" classname="com.practica.ProductoServiceTest" time="0.001"/>
  <testcase name="testObtenerProductoPorId()" classname="com.practica.ProductoServiceTest" time="0.001"/>
  <system-out><![CDATA[]]></system-out>
  <system-err><![CDATA[]]></system-err>
</testsuite>
